android-wrapper/app/build/intermediates/manifest_merge_blame_file/debug/manifest-merger-blame-debug-report.txt
1<?xml version="1.0" encoding="utf-8"?>
2<manifest xmlns:android="http://schemas.android.com/apk/res/android"
3    package="com.solanasaga.app"
4    android:versionCode="1"
5    android:versionName="1.0.0" >
6
7    <uses-sdk
8        android:minSdkVersion="24"
9        android:targetSdkVersion="34" />
10
11    <uses-permission android:name="android.permission.INTERNET" />
11-->src/main/AndroidManifest.xml:4:5-67
11-->src/main/AndroidManifest.xml:4:22-64
12    <uses-permission android:name="android.permission.ACCESS_NETWORK_STATE" />
12-->src/main/AndroidManifest.xml:5:5-79
12-->src/main/AndroidManifest.xml:5:22-76
13
14    <!-- Required on Android 11+ to discover wallet apps for deep linking -->
15    <queries>
15-->src/main/AndroidManifest.xml:8:5-47:15
16
17        <!-- Solana Mobile Wallet Adapter protocol -->
18        <intent>
18-->src/main/AndroidManifest.xml:10:9-13:18
19            <action android:name="android.intent.action.VIEW" />
19-->src/main/AndroidManifest.xml:11:13-65
19-->src/main/AndroidManifest.xml:11:21-62
20
21            <data android:scheme="solana-wallet" />
21-->src/main/AndroidManifest.xml:12:13-52
21-->src/main/AndroidManifest.xml:12:19-49
22        </intent>
23        <!-- Phantom wallet -->
24        <intent>
24-->src/main/AndroidManifest.xml:15:9-18:18
25            <action android:name="android.intent.action.VIEW" />
25-->src/main/AndroidManifest.xml:11:13-65
25-->src/main/AndroidManifest.xml:11:21-62
26
27            <data android:scheme="phantom" />
27-->src/main/AndroidManifest.xml:12:13-52
27-->src/main/AndroidManifest.xml:12:19-49
28        </intent>
29
30        <package android:name="app.phantom" />
30-->src/main/AndroidManifest.xml:19:9-47
30-->src/main/AndroidManifest.xml:19:18-44
31        <!-- Solflare wallet -->
32        <intent>
32-->src/main/AndroidManifest.xml:21:9-24:18
33            <action android:name="android.intent.action.VIEW" />
33-->src/main/AndroidManifest.xml:11:13-65
33-->src/main/AndroidManifest.xml:11:21-62
34
35            <data android:scheme="solflare" />
35-->src/main/AndroidManifest.xml:12:13-52
35-->src/main/AndroidManifest.xml:12:19-49
36        </intent>
37
38        <package android:name="com.solflare.mobile" />
38-->src/main/AndroidManifest.xml:25:9-55
38-->src/main/AndroidManifest.xml:25:18-52
39        <!-- Jupiter Mobile -->
40        <intent>
40-->src/main/AndroidManifest.xml:27:9-30:18
41            <action android:name="android.intent.action.VIEW" />
41-->src/main/AndroidManifest.xml:11:13-65
41-->src/main/AndroidManifest.xml:11:21-62
42
43            <data android:scheme="jupiter" />
43-->src/main/AndroidManifest.xml:12:13-52
43-->src/main/AndroidManifest.xml:12:19-49
44        </intent>
45
46        <package android:name="ag.jup.jupiter.android" />
46-->src/main/AndroidManifest.xml:31:9-58
46-->src/main/AndroidManifest.xml:31:18-55
47        <!-- WalletConnect -->
48        <intent>
48-->src/main/AndroidManifest.xml:33:9-36:18
49            <action android:name="android.intent.action.VIEW" />
49-->src/main/AndroidManifest.xml:11:13-65
49-->src/main/AndroidManifest.xml:11:21-62
50
51            <data android:scheme="wc" />
51-->src/main/AndroidManifest.xml:12:13-52
51-->src/main/AndroidManifest.xml:12:19-49
52        </intent>
53        <!-- Generic intent scheme (for intent:// URIs) -->
54        <intent>
54-->src/main/AndroidManifest.xml:38:9-41:18
55            <action android:name="android.intent.action.VIEW" />
55-->src/main/AndroidManifest.xml:11:13-65
55-->src/main/AndroidManifest.xml:11:21-62
56
57            <data android:scheme="intent" />
57-->src/main/AndroidManifest.xml:12:13-52
57-->src/main/AndroidManifest.xml:12:19-49
58        </intent>
59        <!-- HTTPS links (for fallback store links) -->
60        <intent>
60-->src/main/AndroidManifest.xml:43:9-46:18
61            <action android:name="android.intent.action.VIEW" />
61-->src/main/AndroidManifest.xml:11:13-65
61-->src/main/AndroidManifest.xml:11:21-62
62
63            <data android:scheme="https" />
63-->src/main/AndroidManifest.xml:12:13-52
63-->src/main/AndroidManifest.xml:12:19-49
64        </intent>
65        <!-- Support querying whether an app with the wallet endpoint role is available -->
66        <intent>
66-->[com.solanamobile:mobile-wallet-adapter-clientlib:2.0.3] AndroidManifest.xml:14:9-20:18
67            <action android:name="android.intent.action.VIEW" />
67-->src/main/AndroidManifest.xml:11:13-65
67-->src/main/AndroidManifest.xml:11:21-62
68
69            <category android:name="android.intent.category.BROWSABLE" />
69-->[com.solanamobile:mobile-wallet-adapter-clientlib:2.0.3] AndroidManifest.xml:17:13-74
69-->[com.solanamobile:mobile-wallet-adapter-clientlib:2.0.3] AndroidManifest.xml:17:23-71
70
71            <data android:scheme="solana-wallet" />
71-->src/main/AndroidManifest.xml:12:13-52
71-->src/main/AndroidManifest.xml:12:19-49
72        </intent>
73    </queries>
74
75    <uses-permission android:name="android.permission.REORDER_TASKS" />
75-->[androidx.test:core:1.5.0] AndroidManifest.xml:24:5-72
75-->[androidx.test:core:1.5.0] AndroidManifest.xml:24:22-69
76
77    <permission
77-->[androidx.core:core:1.12.0] AndroidManifest.xml:22:5-24:47
78        android:name="com.solanasaga.app.DYNAMIC_RECEIVER_NOT_EXPORTED_PERMISSION"
78-->[androidx.core:core:1.12.0] AndroidManifest.xml:23:9-81
79        android:protectionLevel="signature" />
79-->[androidx.core:core:1.12.0] AndroidManifest.xml:24:9-44
80
81    <uses-permission android:name="com.solanasaga.app.DYNAMIC_RECEIVER_NOT_EXPORTED_PERMISSION" />
81-->[androidx.core:core:1.12.0] AndroidManifest.xml:26:5-97
81-->[androidx.core:core:1.12.0] AndroidManifest.xml:26:22-94
82
83    <application
83-->src/main/AndroidManifest.xml:49:5-69:19
84        android:allowBackup="true"
84-->src/main/AndroidManifest.xml:50:9-35
85        android:appComponentFactory="androidx.core.app.CoreComponentFactory"
85-->[androidx.core:core:1.12.0] AndroidManifest.xml:28:18-86
86        android:debuggable="true"
87        android:extractNativeLibs="false"
88        android:icon="@mipmap/ic_launcher"
88-->src/main/AndroidManifest.xml:51:9-43
89        android:label="Solana Saga"
89-->src/main/AndroidManifest.xml:53:9-36
90        android:roundIcon="@mipmap/ic_launcher_round"
90-->src/main/AndroidManifest.xml:52:9-54
91        android:theme="@style/AppTheme"
91-->src/main/AndroidManifest.xml:54:9-40
92        android:usesCleartextTraffic="true" >
92-->src/main/AndroidManifest.xml:55:9-44
93        <activity
93-->src/main/AndroidManifest.xml:57:9-68:20
94            android:name="com.solanasaga.app.MainActivity"
94-->src/main/AndroidManifest.xml:58:13-41
95            android:configChanges="orientation|screenSize|keyboardHidden"
95-->src/main/AndroidManifest.xml:60:13-74
96            android:exported="true"
96-->src/main/AndroidManifest.xml:59:13-36
97            android:screenOrientation="portrait"
97-->src/main/AndroidManifest.xml:61:13-49
98            android:windowSoftInputMode="adjustResize" >
98-->src/main/AndroidManifest.xml:62:13-55
99            <intent-filter>
99-->src/main/AndroidManifest.xml:64:13-67:29
100                <action android:name="android.intent.action.MAIN" />
100-->src/main/AndroidManifest.xml:65:17-69
100-->src/main/AndroidManifest.xml:65:25-66
101
102                <category android:name="android.intent.category.LAUNCHER" />
102-->src/main/AndroidManifest.xml:66:17-77
102-->src/main/AndroidManifest.xml:66:27-74
103            </intent-filter>
104        </activity>
105
106        <provider
106-->[androidx.emoji2:emoji2:1.2.0] AndroidManifest.xml:24:9-32:20
107            android:name="androidx.startup.InitializationProvider"
107-->[androidx.emoji2:emoji2:1.2.0] AndroidManifest.xml:25:13-67
108            android:authorities="com.solanasaga.app.androidx-startup"
108-->[androidx.emoji2:emoji2:1.2.0] AndroidManifest.xml:26:13-68
109            android:exported="false" >
109-->[androidx.emoji2:emoji2:1.2.0] AndroidManifest.xml:27:13-37
110            <meta-data
110-->[androidx.emoji2:emoji2:1.2.0] AndroidManifest.xml:29:13-31:52
111                android:name="androidx.emoji2.text.EmojiCompatInitializer"
111-->[androidx.emoji2:emoji2:1.2.0] AndroidManifest.xml:30:17-75
112                android:value="androidx.startup" />
112-->[androidx.emoji2:emoji2:1.2.0] AndroidManifest.xml:31:17-49
113            <meta-data
113-->[androidx.lifecycle:lifecycle-process:2.7.0] AndroidManifest.xml:29:13-31:52
114                android:name="androidx.lifecycle.ProcessLifecycleInitializer"
114-->[androidx.lifecycle:lifecycle-process:2.7.0] AndroidManifest.xml:30:17-78
115                android:value="androidx.startup" />
115-->[androidx.lifecycle:lifecycle-process:2.7.0] AndroidManifest.xml:31:17-49
116            <meta-data
116-->[androidx.profileinstaller:profileinstaller:1.3.0] AndroidManifest.xml:29:13-31:52
117                android:name="androidx.profileinstaller.ProfileInstallerInitializer"
117-->[androidx.profileinstaller:profileinstaller:1.3.0] AndroidManifest.xml:30:17-85
118                android:value="androidx.startup" />
118-->[androidx.profileinstaller:profileinstaller:1.3.0] AndroidManifest.xml:31:17-49
119        </provider>
120
121        <activity
121-->[androidx.test:core:1.5.0] AndroidManifest.xml:27:9-34:20
122            android:name="androidx.test.core.app.InstrumentationActivityInvoker$BootstrapActivity"
122-->[androidx.test:core:1.5.0] AndroidManifest.xml:28:13-99
123            android:exported="true"
123-->[androidx.test:core:1.5.0] AndroidManifest.xml:29:13-36
124            android:theme="@style/WhiteBackgroundTheme" >
124-->[androidx.test:core:1.5.0] AndroidManifest.xml:30:13-56
125            <intent-filter android:priority="-100" >
125-->[androidx.test:core:1.5.0] AndroidManifest.xml:31:13-33:29
125-->[androidx.test:core:1.5.0] AndroidManifest.xml:31:28-51
126                <category android:name="android.intent.category.LAUNCHER" />
126-->src/main/AndroidManifest.xml:66:17-77
126-->src/main/AndroidManifest.xml:66:27-74
127            </intent-filter>
128        </activity>
129        <activity
129-->[androidx.test:core:1.5.0] AndroidManifest.xml:35:9-42:20
130            android:name="androidx.test.core.app.InstrumentationActivityInvoker$EmptyActivity"
130-->[androidx.test:core:1.5.0] AndroidManifest.xml:36:13-95
131            android:exported="true"
131-->[androidx.test:core:1.5.0] AndroidManifest.xml:37:13-36
132            android:theme="@style/WhiteBackgroundTheme" >
132-->[androidx.test:core:1.5.0] AndroidManifest.xml:38:13-56
133            <intent-filter android:priority="-100" >
133-->[androidx.test:core:1.5.0] AndroidManifest.xml:31:13-33:29
133-->[androidx.test:core:1.5.0] AndroidManifest.xml:31:28-51
134                <category android:name="android.intent.category.LAUNCHER" />
134-->src/main/AndroidManifest.xml:66:17-77
134-->src/main/AndroidManifest.xml:66:27-74
135            </intent-filter>
136        </activity>
137        <activity
137-->[androidx.test:core:1.5.0] AndroidManifest.xml:43:9-50:20
138            android:name="androidx.test.core.app.InstrumentationActivityInvoker$EmptyFloatingActivity"
138-->[androidx.test:core:1.5.0] AndroidManifest.xml:44:13-103
139            android:exported="true"
139-->[androidx.test:core:1.5.0] AndroidManifest.xml:45:13-36
140            android:theme="@style/WhiteBackgroundDialogTheme" >
140-->[androidx.test:core:1.5.0] AndroidManifest.xml:46:13-62
141            <intent-filter android:priority="-100" >
141-->[androidx.test:core:1.5.0] AndroidManifest.xml:31:13-33:29
141-->[androidx.test:core:1.5.0] AndroidManifest.xml:31:28-51
142                <category android:name="android.intent.category.LAUNCHER" />
142-->src/main/AndroidManifest.xml:66:17-77
142-->src/main/AndroidManifest.xml:66:27-74
143            </intent-filter>
144        </activity>
145
146        <receiver
146-->[androidx.profileinstaller:profileinstaller:1.3.0] AndroidManifest.xml:34:9-52:20
147            android:name="androidx.profileinstaller.ProfileInstallReceiver"
147-->[androidx.profileinstaller:profileinstaller:1.3.0] AndroidManifest.xml:35:13-76
148            android:directBootAware="false"
148-->[androidx.profileinstaller:profileinstaller:1.3.0] AndroidManifest.xml:36:13-44
149            android:enabled="true"
149-->[androidx.profileinstaller:profileinstaller:1.3.0] AndroidManifest.xml:37:13-35
150            android:exported="true"
150-->[androidx.profileinstaller:profileinstaller:1.3.0] AndroidManifest.xml:38:13-36
151            android:permission="android.permission.DUMP" >
151-->[androidx.profileinstaller:profileinstaller:1.3.0] AndroidManifest.xml:39:13-57
152            <intent-filter>
152-->[androidx.profileinstaller:profileinstaller:1.3.0] AndroidManifest.xml:40:13-42:29
153                <action android:name="androidx.profileinstaller.action.INSTALL_PROFILE" />
153-->[androidx.profileinstaller:profileinstaller:1.3.0] AndroidManifest.xml:41:17-91
153-->[androidx.profileinstaller:profileinstaller:1.3.0] AndroidManifest.xml:41:25-88
154            </intent-filter>
155            <intent-filter>
155-->[androidx.profileinstaller:profileinstaller:1.3.0] AndroidManifest.xml:43:13-45:29
156                <action android:name="androidx.profileinstaller.action.SKIP_FILE" />
156-->[androidx.profileinstaller:profileinstaller:1.3.0] AndroidManifest.xml:44:17-85
156-->[androidx.profileinstaller:profileinstaller:1.3.0] AndroidManifest.xml:44:25-82
157            </intent-filter>
158            <intent-filter>
158-->[androidx.profileinstaller:profileinstaller:1.3.0] AndroidManifest.xml:46:13-48:29
159                <action android:name="androidx.profileinstaller.action.SAVE_PROFILE" />
159-->[androidx.profileinstaller:profileinstaller:1.3.0] AndroidManifest.xml:47:17-88
159-->[androidx.profileinstaller:profileinstaller:1.3.0] AndroidManifest.xml:47:25-85
160            </intent-filter>
161            <intent-filter>
161-->[androidx.profileinstaller:profileinstaller:1.3.0] AndroidManifest.xml:49:13-51:29
162                <action android:name="androidx.profileinstaller.action.BENCHMARK_OPERATION" />
162-->[androidx.profileinstaller:profileinstaller:1.3.0] AndroidManifest.xml:50:17-95
162-->[androidx.profileinstaller:profileinstaller:1.3.0] AndroidManifest.xml:50:25-92
163            </intent-filter>
164        </receiver>
165    </application>
166
167</manifest>